TN:
SF:/Users/heqing/git/koahub/app/common.js
FN:85,(anonymous_0)
FN:215,(anonymous_1)
FN:220,(anonymous_2)
FN:221,(anonymous_3)
FNF:4
FNH:4
FNDA:80,(anonymous_0)
FNDA:8,(anonymous_1)
FNDA:6,(anonymous_2)
FNDA:5,(anonymous_3)
DA:1,1
DA:2,1
DA:3,1
DA:5,1
DA:14,99
DA:15,99
DA:16,98
DA:19,99
DA:20,99
DA:21,99
DA:23,99
DA:26,1
DA:29,4
DA:30,4
DA:33,5
DA:34,5
DA:35,5
DA:38,89
DA:39,89
DA:41,89
DA:42,82
DA:43,82
DA:46,7
DA:47,7
DA:48,2
DA:49,2
DA:50,2
DA:53,5
DA:54,5
DA:58,99
DA:70,44
DA:71,44
DA:72,44
DA:74,42
DA:75,42
DA:78,42
DA:79,1
DA:82,41
DA:85,39
DA:86,80
DA:87,1
DA:92,39
DA:93,35
DA:96,39
DA:97,1
DA:101,38
DA:102,3
DA:105,38
DA:106,1
DA:110,37
DA:111,2
DA:114,37
DA:115,1
DA:118,36
DA:121,36
DA:122,32
DA:126,4
DA:127,2
DA:130,4
DA:131,1
DA:135,3
DA:136,2
DA:139,3
DA:140,2
DA:143,1
DA:147,2
DA:148,1
DA:150,1
DA:151,1
DA:156,2
DA:157,1
DA:159,1
DA:160,1
DA:174,47
DA:175,47
DA:176,3
DA:177,3
DA:181,44
DA:182,2609
DA:183,1
DA:188,43
DA:189,43
DA:190,1
DA:191,1
DA:194,42
DA:204,1202
DA:215,8
DA:216,8
DA:217,2
DA:218,2
DA:220,6
DA:221,6
DA:222,5
DA:223,4
DA:237,80
DA:238,1
DA:240,79
DA:250,1471
DA:251,1471
DA:252,50
DA:254,1421
DA:265,21
DA:266,19
DA:268,2
DA:269,2
DA:270,2
DA:271,2
DA:272,2
DA:283,1206
DA:284,49
LF:110
LH:110
BRDA:15,0,0,98
BRDA:15,0,1,1
BRDA:23,1,0,1
BRDA:23,1,1,4
BRDA:23,1,2,5
BRDA:23,1,3,89
BRDA:41,2,0,82
BRDA:41,2,1,7
BRDA:47,3,0,2
BRDA:47,3,1,5
BRDA:72,4,0,42
BRDA:72,4,1,2
BRDA:78,5,0,1
BRDA:78,5,1,41
BRDA:82,6,0,39
BRDA:82,6,1,2
BRDA:86,7,0,1
BRDA:86,7,1,79
BRDA:92,8,0,35
BRDA:92,8,1,4
BRDA:96,9,0,1
BRDA:96,9,1,38
BRDA:101,10,0,3
BRDA:101,10,1,35
BRDA:105,11,0,1
BRDA:105,11,1,37
BRDA:110,12,0,2
BRDA:110,12,1,35
BRDA:114,13,0,1
BRDA:114,13,1,36
BRDA:121,14,0,32
BRDA:121,14,1,4
BRDA:126,15,0,2
BRDA:126,15,1,2
BRDA:130,16,0,1
BRDA:130,16,1,3
BRDA:135,17,0,2
BRDA:135,17,1,1
BRDA:139,18,0,2
BRDA:139,18,1,1
BRDA:147,19,0,1
BRDA:147,19,1,1
BRDA:156,20,0,1
BRDA:156,20,1,1
BRDA:175,21,0,3
BRDA:175,21,1,44
BRDA:182,22,0,1
BRDA:182,22,1,2608
BRDA:182,23,0,2609
BRDA:182,23,1,1822
BRDA:189,24,0,1
BRDA:189,24,1,42
BRDA:204,25,0,1202
BRDA:204,25,1,1199
BRDA:204,25,2,1198
BRDA:216,26,0,2
BRDA:216,26,1,6
BRDA:222,27,0,1
BRDA:222,27,1,4
BRDA:237,28,0,1
BRDA:237,28,1,79
BRDA:251,29,0,50
BRDA:251,29,1,1421
BRDA:251,30,0,1471
BRDA:251,30,1,50
BRDA:263,31,0,20
BRDA:265,32,0,19
BRDA:265,32,1,2
BRDA:268,33,0,2
BRDA:268,33,1,1
BRDA:283,34,0,49
BRDA:283,34,1,1157
BRF:72
BRH:72
end_of_record
TN:
SF:/Users/heqing/git/koahub/app/index.js
FN:21,(anonymous_0)
FN:31,(anonymous_1)
FN:34,(anonymous_2)
FN:43,(anonymous_3)
FN:48,(anonymous_4)
FN:53,(anonymous_5)
FN:61,(anonymous_6)
FN:72,(anonymous_7)
FN:78,(anonymous_8)
FN:81,(anonymous_9)
FN:111,(anonymous_10)
FN:126,(anonymous_11)
FN:164,(anonymous_12)
FN:176,(anonymous_13)
FN:189,(anonymous_14)
FN:202,(anonymous_15)
FN:211,(anonymous_16)
FN:218,(anonymous_17)
FN:225,(anonymous_18)
FN:231,(anonymous_19)
FN:234,(anonymous_20)
FN:262,(anonymous_21)
FN:274,(anonymous_22)
FN:286,(anonymous_23)
FNF:24
FNH:22
FNDA:61,(anonymous_0)
FNDA:61,(anonymous_1)
FNDA:53,(anonymous_2)
FNDA:1,(anonymous_3)
FNDA:0,(anonymous_4)
FNDA:0,(anonymous_5)
FNDA:61,(anonymous_6)
FNDA:61,(anonymous_7)
FNDA:61,(anonymous_8)
FNDA:723,(anonymous_9)
FNDA:61,(anonymous_10)
FNDA:61,(anonymous_11)
FNDA:61,(anonymous_12)
FNDA:61,(anonymous_13)
FNDA:61,(anonymous_14)
FNDA:359,(anonymous_15)
FNDA:1,(anonymous_16)
FNDA:1,(anonymous_17)
FNDA:54,(anonymous_18)
FNDA:50,(anonymous_19)
FNDA:50,(anonymous_20)
FNDA:2,(anonymous_21)
FNDA:2,(anonymous_22)
FNDA:2,(anonymous_23)
DA:1,1
DA:2,1
DA:3,1
DA:4,1
DA:5,1
DA:6,1
DA:7,1
DA:8,1
DA:9,1
DA:11,1
DA:12,1
DA:13,1
DA:14,1
DA:15,1
DA:16,1
DA:17,1
DA:19,1
DA:24,61
DA:26,61
DA:27,61
DA:28,61
DA:34,61
DA:35,53
DA:36,53
DA:38,1
DA:43,61
DA:44,1
DA:48,61
DA:49,0
DA:53,61
DA:54,0
DA:55,0
DA:56,0
DA:63,61
DA:64,61
DA:66,61
DA:74,61
DA:75,61
DA:81,61
DA:82,723
DA:84,1
DA:86,718
DA:87,0
DA:88,0
DA:90,718
DA:92,4
DA:93,0
DA:94,0
DA:95,0
DA:97,4
DA:102,61
DA:103,11
DA:104,11
DA:108,61
DA:113,61
DA:116,61
DA:117,0
DA:118,0
DA:121,61
DA:122,0
DA:128,61
DA:129,61
DA:132,61
DA:133,427
DA:134,5
DA:139,61
DA:140,366
DA:141,61
DA:143,305
DA:144,61
DA:145,61
DA:148,244
DA:149,244
DA:150,244
DA:151,122
DA:152,122
DA:154,122
DA:155,122
DA:158,0
DA:166,61
DA:169,305
DA:170,122
DA:172,183
DA:178,61
DA:179,61
DA:180,811
DA:181,811
DA:182,61
DA:184,750
DA:186,61
DA:191,61
DA:192,61
DA:193,61
DA:194,61
DA:195,61
DA:196,61
DA:197,61
DA:198,61
DA:204,359
DA:205,62
DA:207,359
DA:213,1
DA:214,1
DA:220,1
DA:221,1
DA:227,54
DA:228,54
DA:234,50
DA:236,50
DA:237,50
DA:239,50
DA:240,2
DA:241,2
DA:242,1
DA:243,1
DA:245,1
DA:249,48
DA:250,1
DA:254,47
DA:255,1
DA:258,46
DA:265,2
DA:267,2
DA:268,2
DA:271,2
DA:277,2
DA:279,2
DA:280,2
DA:282,0
DA:289,2
DA:291,2
DA:292,2
DA:293,2
DA:294,2
DA:295,2
DA:296,2
LF:136
LH:122
BRDA:21,0,0,11
BRDA:55,1,0,0
BRDA:55,1,1,0
BRDA:63,2,0,61
BRDA:63,2,1,11
BRDA:63,2,2,11
BRDA:64,3,0,61
BRDA:64,3,1,61
BRDA:64,3,2,61
BRDA:82,4,0,1
BRDA:82,4,1,718
BRDA:82,4,2,4
BRDA:86,5,0,0
BRDA:86,5,1,718
BRDA:92,6,0,0
BRDA:92,6,1,4
BRDA:102,7,0,11
BRDA:102,7,1,50
BRDA:116,8,0,0
BRDA:116,8,1,61
BRDA:133,9,0,5
BRDA:133,9,1,422
BRDA:133,10,0,427
BRDA:133,10,1,66
BRDA:140,11,0,61
BRDA:140,11,1,305
BRDA:143,12,0,61
BRDA:143,12,1,244
BRDA:149,13,0,244
BRDA:149,13,1,0
BRDA:150,14,0,122
BRDA:150,14,1,122
BRDA:169,15,0,122
BRDA:169,15,1,183
BRDA:169,16,0,305
BRDA:169,16,1,244
BRDA:181,17,0,61
BRDA:181,17,1,750
BRDA:204,18,0,62
BRDA:204,18,1,297
BRDA:239,19,0,2
BRDA:239,19,1,48
BRDA:241,20,0,1
BRDA:241,20,1,1
BRDA:249,21,0,1
BRDA:249,21,1,47
BRDA:254,22,0,1
BRDA:254,22,1,46
BRDA:267,23,0,2
BRDA:267,23,1,0
BRDA:279,24,0,2
BRDA:279,24,1,0
BRF:52
BRH:44
end_of_record
TN:
SF:/Users/heqing/git/koahub/app/config/default.config.js
FNF:0
FNH:0
DA:1,1
LF:1
LH:1
BRF:0
BRH:0
end_of_record
TN:
SF:/Users/heqing/git/koahub/app/config/middleware.config.js
FNF:0
FNH:0
DA:1,1
LF:1
LH:1
BRF:0
BRH:0
end_of_record
TN:
SF:/Users/heqing/git/koahub/app/lib/controller.class.js
FN:9,(anonymous_0)
FN:20,(anonymous_1)
FN:23,(anonymous_2)
FN:45,(anonymous_3)
FN:49,(anonymous_4)
FN:53,(anonymous_5)
FN:61,(anonymous_6)
FN:69,(anonymous_7)
FN:73,(anonymous_8)
FN:77,(anonymous_9)
FN:81,(anonymous_10)
FN:85,(anonymous_11)
FN:113,(anonymous_12)
FN:117,(anonymous_13)
FN:121,(anonymous_14)
FN:129,(anonymous_15)
FNF:16
FNH:15
FNDA:42,(anonymous_0)
FNDA:2,(anonymous_1)
FNDA:1,(anonymous_2)
FNDA:4,(anonymous_3)
FNDA:0,(anonymous_4)
FNDA:2,(anonymous_5)
FNDA:2,(anonymous_6)
FNDA:1,(anonymous_7)
FNDA:2,(anonymous_8)
FNDA:1,(anonymous_9)
FNDA:37,(anonymous_10)
FNDA:5,(anonymous_11)
FNDA:1,(anonymous_12)
FNDA:1,(anonymous_13)
FNDA:1,(anonymous_14)
FNDA:1,(anonymous_15)
DA:1,1
DA:2,1
DA:3,1
DA:4,1
DA:5,1
DA:7,1
DA:11,42
DA:12,42
DA:14,42
DA:15,42
DA:17,42
DA:18,2524
DA:19,1767
DA:21,2
DA:24,1
DA:28,757
DA:29,1
DA:31,756
DA:36,42
DA:37,0
DA:38,0
DA:40,0
DA:46,4
DA:50,0
DA:55,2
DA:56,1
DA:58,1
DA:63,2
DA:64,1
DA:66,1
DA:70,1
DA:74,2
DA:78,1
DA:82,37
DA:87,5
DA:89,5
DA:91,1
DA:94,1
DA:96,1
DA:100,1
DA:102,3
DA:107,3
DA:110,5
DA:114,1
DA:118,1
DA:123,1
DA:125,1
DA:126,1
DA:130,1
LF:49
LH:45
BRDA:18,0,0,1767
BRDA:18,0,1,757
BRDA:28,1,0,1
BRDA:28,1,1,756
BRDA:37,2,0,0
BRDA:37,2,1,0
BRDA:55,3,0,1
BRDA:55,3,1,1
BRDA:63,4,0,1
BRDA:63,4,1,1
BRDA:74,5,0,2
BRDA:74,5,1,1
BRDA:89,6,0,1
BRDA:89,6,1,1
BRDA:89,6,2,3
BRF:15
BRH:13
end_of_record
TN:
SF:/Users/heqing/git/koahub/app/lib/hook.class.js
FN:5,(anonymous_0)
FN:9,(anonymous_1)
FN:22,(anonymous_2)
FN:36,(anonymous_3)
FNF:4
FNH:4
FNDA:61,(anonymous_0)
FNDA:1,(anonymous_1)
FNDA:2,(anonymous_2)
FNDA:5,(anonymous_3)
DA:1,1
DA:3,1
DA:6,61
DA:11,1
DA:12,0
DA:14,1
DA:15,1
DA:16,1
DA:24,2
DA:25,0
DA:28,2
DA:29,0
DA:30,0
DA:33,2
DA:38,5
DA:39,5
DA:40,4
DA:42,1
LF:18
LH:14
BRDA:11,0,0,0
BRDA:11,0,1,1
BRDA:15,1,0,1
BRDA:15,1,1,0
BRDA:24,2,0,0
BRDA:24,2,1,2
BRDA:28,3,0,0
BRDA:28,3,1,2
BRDA:39,4,0,4
BRDA:39,4,1,1
BRF:10
BRH:6
end_of_record
TN:
SF:/Users/heqing/git/koahub/app/lib/loader.class.js
FN:8,(anonymous_0)
FN:26,(anonymous_1)
FN:49,(anonymous_2)
FN:71,(anonymous_3)
FN:85,(anonymous_4)
FNF:5
FNH:4
FNDA:427,(anonymous_0)
FNDA:727,(anonymous_1)
FNDA:427,(anonymous_2)
FNDA:1275,(anonymous_3)
FNDA:0,(anonymous_4)
DA:1,1
DA:2,1
DA:3,1
DA:4,1
DA:6,1
DA:11,427
DA:13,427
DA:15,427
DA:16,0
DA:17,0
DA:20,427
DA:23,427
DA:28,727
DA:30,727
DA:31,727
DA:32,33
DA:35,694
DA:36,694
DA:38,694
DA:39,1810
DA:40,300
DA:42,1510
DA:46,694
DA:51,427
DA:53,427
DA:54,427
DA:55,427
DA:57,427
DA:58,427
DA:59,427
DA:60,33
DA:63,394
DA:65,1510
DA:66,1510
DA:68,1510
DA:69,1460
DA:71,1460
DA:72,1275
DA:75,1460
DA:76,1460
DA:78,1460
DA:82,394
DA:87,0
DA:89,0
DA:90,0
DA:93,0
LF:46
LH:40
BRDA:15,0,0,0
BRDA:15,0,1,427
BRDA:31,1,0,33
BRDA:31,1,1,694
BRDA:39,2,0,300
BRDA:39,2,1,1510
BRDA:49,3,0,0
BRDA:53,4,0,427
BRDA:53,4,1,1
BRDA:54,5,0,427
BRDA:54,5,1,305
BRDA:55,6,0,427
BRDA:55,6,1,4
BRDA:59,7,0,33
BRDA:59,7,1,394
BRDA:68,8,0,1460
BRDA:68,8,1,50
BRF:17
BRH:15
end_of_record
TN:
SF:/Users/heqing/git/koahub/app/middleware/body.middleware.js
FN:3,(anonymous_0)
FN:5,(anonymous_1)
FN:6,(anonymous_2)
FN:7,(anonymous_3)
FNF:4
FNH:4
FNDA:61,(anonymous_0)
FNDA:53,(anonymous_1)
FNDA:53,(anonymous_2)
FNDA:53,(anonymous_3)
DA:1,1
DA:3,1
DA:5,61
DA:6,53
DA:7,53
DA:8,53
DA:9,52
DA:11,1
DA:12,1
DA:14,53
DA:18,53
LF:11
LH:11
BRDA:8,0,0,52
BRDA:8,0,1,1
BRF:2
BRH:2
end_of_record
TN:
SF:/Users/heqing/git/koahub/app/middleware/http.middleware.js
FN:7,httpMiddleware
FN:9,(anonymous_1)
FNF:2
FNH:2
FNDA:50,httpMiddleware
FNDA:47,(anonymous_1)
DA:1,1
DA:2,1
DA:3,1
DA:4,1
DA:5,1
DA:7,1
DA:9,50
DA:11,47
DA:12,47
DA:15,47
DA:17,47
DA:18,46
DA:20,91
DA:21,91
DA:22,91
DA:24,91
DA:25,3
DA:26,2
DA:28,3
DA:29,3
DA:33,46
DA:34,3
DA:35,3
DA:36,1
DA:37,1
DA:38,1
DA:40,2
DA:41,2
DA:42,1
DA:43,1
DA:44,1
DA:46,1
DA:47,1
DA:51,2
DA:53,43
DA:56,1
DA:60,50
DA:62,50
LF:38
LH:38
BRDA:17,0,0,46
BRDA:17,0,1,1
BRDA:17,1,0,47
BRDA:17,1,1,46
BRDA:24,2,0,3
BRDA:24,2,1,88
BRDA:33,3,0,3
BRDA:33,3,1,43
BRDA:35,4,0,1
BRDA:35,4,1,2
BRDA:37,5,0,1
BRDA:37,5,1,1
BRDA:41,6,0,1
BRDA:41,6,1,1
BRDA:43,7,0,1
BRDA:43,7,1,1
BRF:16
BRH:16
end_of_record
TN:
SF:/Users/heqing/git/koahub/app/middleware/skip.middleware.js
FN:3,(anonymous_0)
FN:9,(anonymous_1)
FN:22,(anonymous_2)
FN:32,(anonymous_3)
FNF:4
FNH:4
FNDA:61,(anonymous_0)
FNDA:61,(anonymous_1)
FNDA:6,(anonymous_2)
FNDA:3,(anonymous_3)
DA:1,1
DA:3,1
DA:4,61
DA:6,61
DA:7,61
DA:9,61
DA:10,61
DA:12,61
DA:14,61
DA:15,52
DA:18,61
DA:21,61
DA:22,5
DA:23,6
DA:28,61
DA:31,61
DA:32,2
DA:33,3
DA:37,61
DA:40,61
DA:41,2
DA:44,61
DA:45,9
DA:48,52
LF:24
LH:24
BRDA:6,0,0,52
BRDA:6,0,1,9
BRDA:7,1,0,59
BRDA:7,1,1,2
BRDA:10,2,0,61
BRDA:10,2,1,0
BRDA:10,3,0,59
BRDA:10,3,1,2
BRDA:14,4,0,52
BRDA:14,4,1,9
BRDA:15,5,0,52
BRDA:15,5,1,52
BRDA:18,6,0,61
BRDA:18,6,1,0
BRDA:18,7,0,61
BRDA:18,7,1,5
BRDA:21,8,0,5
BRDA:21,8,1,56
BRDA:22,9,0,5
BRDA:22,9,1,5
BRDA:23,10,0,6
BRDA:23,10,1,5
BRDA:23,10,2,4
BRDA:23,10,3,1
BRDA:28,11,0,61
BRDA:28,11,1,0
BRDA:28,12,0,61
BRDA:28,12,1,2
BRDA:31,13,0,2
BRDA:31,13,1,59
BRDA:32,14,0,2
BRDA:32,14,1,2
BRDA:37,15,0,61
BRDA:37,15,1,0
BRDA:37,16,0,61
BRDA:37,16,1,2
BRDA:40,17,0,2
BRDA:40,17,1,59
BRDA:41,18,0,2
BRDA:41,18,1,2
BRDA:44,19,0,9
BRDA:44,19,1,52
BRF:42
BRH:38
end_of_record
